<?xml version="1.0" encoding="UTF-8"?>
<!-- Generated by org.testng.reporters.JUnitXMLReporter -->
<testsuite ignored="0" hostname="Shumson" failures="0" tests="11" name="Test" time="125.037" errors="0" timestamp="2023-03-14T21:18:26 EDT">
  <testcase classname="tutorialninja_project.Login" name="verifyLoginWitValidCredentials" time="11.697"/>
  <testcase classname="tutorialninja_project.Login" name="verifyLoginWithInvalidCredentials" time="1.256"/>
  <testcase classname="tutorialninja_project.Login" name="verifyLoginWithValidEmailAndInvalidPassword" time="1.322"/>
  <testcase classname="tutorialninja_project.Login" name="verifyLoginWithoutProvidingCredentials" time="1.173"/>
  <testcase classname="tutorialninja_project.Register" name="verifyRegisteringAnAccountWithMandatoryFields" time="22.901"/>
  <testcase classname="tutorialninja_project.Register" name="verifyRegisteringAccountByProvidingAllFields" time="1.589"/>
  <testcase classname="tutorialninja_project.Register" name="verifyRegisteringAccountWithExistingEmailAddress" time="10.982"/>
  <testcase classname="tutorialninja_project.Register" name="verifyRegisteringAccountWithoutFillingAnyDetails" time="0.606"/>
  <testcase classname="tutorialninja_project.Search" name="verifySearchWithInvalidProduct" time="0.654"/>
  <testcase classname="tutorialninja_project.Search" name="verifySearchWithValidProduct" time="0.831"/>
  <testcase classname="tutorialninja_project.Search" name="verifySearchWithoutAnyProduct" time="0.584"/>
</testsuite> <!-- Test -->
