<?xml version="1.0" encoding="UTF-8"?>
<testng-results ignored="0" total="1" passed="1" failed="0" skipped="0">
  <reporter-output>
  </reporter-output>
  <suite started-at="2023-11-13T18:41:10 EST" name="Default suite" finished-at="2023-11-13T18:41:29 EST" duration-ms="19283">
    <groups>
    </groups>
    <test started-at="2023-11-13T18:41:10 EST" name="Default test" finished-at="2023-11-13T18:41:29 EST" duration-ms="19283">
      <class name="tutorialninja_project.ValidationPage">
        <test-method signature="validationPage()[pri:0, instance:tutorialninja_project.ValidationPage@27462a88]" started-at="2023-11-13T18:41:10 EST" name="validationPage" finished-at="2023-11-13T18:41:29 EST" duration-ms="19157" status="PASS">
          <reporter-output>
          </reporter-output>
        </test-method> <!-- validationPage -->
      </class> <!-- tutorialninja_project.ValidationPage -->
    </test> <!-- Default test -->
  </suite> <!-- Default suite -->
</testng-results>
